---------------------------------------------------------------
[ 2020-12-15T17:53:40+08:00 ] 127.0.0.1 GET yjpz.cc/admin/notice/index?ref=addtabs
[运行时间：0.079405s] [吞吐率：12.59req/s] [内存消耗：3,238.37kb] [文件加载：132]
[ info ] [ BEHAVIOR ] Run Closure @app_init [ RunTime:0.000062s ]
[ info ] [ CACHE ] INIT File
[ info ] [ BEHAVIOR ] Run Closure @app_init [ RunTime:0.002305s ]
[ info ] [ LANG ] E:\phpstudy_pro\WWW\yjpz\thinkphp\lang\zh-cn.php
[ info ] [ BEHAVIOR ] Run app\common\behavior\Common @app_dispatch [ RunTime:0.000329s ]
[ info ] [ ROUTE ] array (
  'type' => 'module',
  'module' => 
  array (
    0 => 'admin',
    1 => 'notice',
    2 => 'index',
  ),
)
[ info ] [ HEADER ] array (
  'cookie' => 'PHPSESSID=s87c9bjk5u29cn4kmpfpl99it0; think_var=zh-cn',
  'accept-language' => 'zh-CN,zh;q=0.9',
  'accept-encoding' => 'gzip, deflate',
  'accept' => 'text/html,application/xhtml+xml,application/xml;q=0.9,image/avif,image/webp,image/apng,*/*;q=0.8,application/signed-exchange;v=b3;q=0.9',
  'user-agent' => 'Mozilla/5.0 (Windows NT 10.0; WOW64) AppleWebKit/537.36 (KHTML, like Gecko) Chrome/85.0.4183.83 Safari/537.36',
  'upgrade-insecure-requests' => '1',
  'cache-control' => 'max-age=0',
  'connection' => 'close',
  'host' => 'yjpz.cc',
)
[ info ] [ PARAM ] array (
  'ref' => 'addtabs',
)
[ info ] [ LANG ] E:\phpstudy_pro\WWW\yjpz\public/../application/admin\lang\zh-cn.php
[ info ] [ BEHAVIOR ] Run app\common\behavior\Common @module_init [ RunTime:0.002116s ]
[ info ] [ SESSION ] INIT array (
  'id' => '',
  'var_session_id' => '',
  'prefix' => 'think',
  'type' => '',
  'auto_start' => true,
)
[ info ] [ VIEW ] E:\phpstudy_pro\WWW\yjpz\public/../application/common\view\tpl\dispatch_jump.tpl [ array (
  0 => 'code',
  1 => 'msg',
  2 => 'data',
  3 => 'url',
  4 => 'wait',
) ]
[ info ] [ BEHAVIOR ] Run app\admin\behavior\AdminLog @app_end [ RunTime:0.000246s ]
[ info ] [ LOG ] INIT File
---------------------------------------------------------------
[ 2020-12-15T17:53:43+08:00 ] 127.0.0.1 GET yjpz.cc/admin/index/login?url=%2Fadmin%2Fnotice%2Findex%3Fref%3Daddtabs
[运行时间：0.061333s] [吞吐率：16.30req/s] [内存消耗：3,575.06kb] [文件加载：136]
[ info ] [ BEHAVIOR ] Run Closure @app_init [ RunTime:0.000012s ]
[ info ] [ CACHE ] INIT File
[ info ] [ BEHAVIOR ] Run Closure @app_init [ RunTime:0.001589s ]
[ info ] [ LANG ] E:\phpstudy_pro\WWW\yjpz\thinkphp\lang\zh-cn.php
[ info ] [ BEHAVIOR ] Run app\common\behavior\Common @app_dispatch [ RunTime:0.000193s ]
[ info ] [ ROUTE ] array (
  'type' => 'module',
  'module' => 
  array (
    0 => 'admin',
    1 => 'index',
    2 => 'login',
  ),
)
[ info ] [ HEADER ] array (
  'cookie' => 'PHPSESSID=s87c9bjk5u29cn4kmpfpl99it0; think_var=zh-cn',
  'accept-language' => 'zh-CN,zh;q=0.9',
  'accept-encoding' => 'gzip, deflate',
  'referer' => 'http://yjpz.cc/admin/notice/index?ref=addtabs',
  'accept' => 'text/html,application/xhtml+xml,application/xml;q=0.9,image/avif,image/webp,image/apng,*/*;q=0.8,application/signed-exchange;v=b3;q=0.9',
  'user-agent' => 'Mozilla/5.0 (Windows NT 10.0; WOW64) AppleWebKit/537.36 (KHTML, like Gecko) Chrome/85.0.4183.83 Safari/537.36',
  'upgrade-insecure-requests' => '1',
  'connection' => 'close',
  'host' => 'yjpz.cc',
)
[ info ] [ PARAM ] array (
  'url' => '/admin/notice/index?ref=addtabs',
)
[ info ] [ LANG ] E:\phpstudy_pro\WWW\yjpz\public/../application/admin\lang\zh-cn.php
[ info ] [ BEHAVIOR ] Run app\common\behavior\Common @module_init [ RunTime:0.001986s ]
[ info ] [ SESSION ] INIT array (
  'id' => '',
  'var_session_id' => '',
  'prefix' => 'think',
  'type' => '',
  'auto_start' => true,
)
[ info ] [ BEHAVIOR ] Run \addons\nkeditor\Nkeditor @config_init [ RunTime:0.000211s ]
[ info ] [ LANG ] E:\phpstudy_pro\WWW\yjpz\public/../application/admin/lang/zh-cn/index.php
[ info ] [ RUN ] app\admin\controller\Index->login[ E:\phpstudy_pro\WWW\yjpz\application\admin\controller\Index.php ]
[ info ] [ VIEW ] E:\phpstudy_pro\WWW\yjpz\public/../application/admin\view\index\login.html [ array (
  0 => 'breadcrumb',
  1 => 'site',
  2 => 'config',
  3 => 'auth',
  4 => 'admin',
  5 => 'background',
  6 => 'title',
) ]
[ info ] [ BEHAVIOR ] Run app\admin\behavior\AdminLog @app_end [ RunTime:0.000130s ]
[ info ] [ LOG ] INIT File
---------------------------------------------------------------
[ 2020-12-15T17:53:44+08:00 ] 127.0.0.1 GET yjpz.cc/index.php?s=/captcha
[运行时间：0.040807s] [吞吐率：24.51req/s] [内存消耗：2,118.73kb] [文件加载：112]
[ info ] [ BEHAVIOR ] Run Closure @app_init [ RunTime:0.000018s ]
[ info ] [ CACHE ] INIT File
[ info ] [ BEHAVIOR ] Run Closure @app_init [ RunTime:0.001911s ]
[ info ] [ LANG ] E:\phpstudy_pro\WWW\yjpz\thinkphp\lang\zh-cn.php
[ info ] [ BEHAVIOR ] Run app\common\behavior\Common @app_dispatch [ RunTime:0.000279s ]
[ info ] [ ROUTE ] array (
  'type' => 'method',
  'method' => 
  array (
    0 => '\\think\\captcha\\CaptchaController',
    1 => 'index',
  ),
  'var' => 
  array (
  ),
)
[ info ] [ HEADER ] array (
  'cookie' => 'PHPSESSID=s87c9bjk5u29cn4kmpfpl99it0; think_var=zh-cn',
  'accept-language' => 'zh-CN,zh;q=0.9',
  'accept-encoding' => 'gzip, deflate',
  'accept' => 'image/avif,image/webp,image/apng,image/*,*/*;q=0.8',
  'user-agent' => 'Mozilla/5.0 (Windows NT 10.0; WOW64) AppleWebKit/537.36 (KHTML, like Gecko) Chrome/85.0.4183.83 Safari/537.36',
  'connection' => 'close',
  'host' => 'yjpz.cc',
)
[ info ] [ PARAM ] array (
  'id' => NULL,
)
[ info ] [ RUN ] think\captcha\CaptchaController->index[ E:\phpstudy_pro\WWW\yjpz\vendor\topthink\think-captcha\src\CaptchaController.php ]
[ info ] [ SESSION ] INIT array (
  'id' => '',
  'var_session_id' => '',
  'prefix' => 'think',
  'type' => '',
  'auto_start' => true,
)
[ info ] [ LOG ] INIT File
---------------------------------------------------------------
[ 2020-12-15T17:53:44+08:00 ] 127.0.0.1 GET yjpz.cc/admin/ajax/lang?callback=define&controllername=index&lang=zh-cn&v=1608026023&v=1608026023
[运行时间：0.030217s] [吞吐率：33.09req/s] [内存消耗：3,446.43kb] [文件加载：135]
[ info ] [ BEHAVIOR ] Run Closure @app_init [ RunTime:0.000011s ]
[ info ] [ CACHE ] INIT File
[ info ] [ BEHAVIOR ] Run Closure @app_init [ RunTime:0.001452s ]
[ info ] [ LANG ] E:\phpstudy_pro\WWW\yjpz\thinkphp\lang\zh-cn.php
[ info ] [ BEHAVIOR ] Run app\common\behavior\Common @app_dispatch [ RunTime:0.000182s ]
[ info ] [ ROUTE ] array (
  'type' => 'module',
  'module' => 
  array (
    0 => 'admin',
    1 => 'ajax',
    2 => 'lang',
  ),
)
[ info ] [ HEADER ] array (
  'cookie' => 'PHPSESSID=s87c9bjk5u29cn4kmpfpl99it0; think_var=zh-cn',
  'accept-language' => 'zh-CN,zh;q=0.9',
  'accept-encoding' => 'gzip, deflate',
  'accept' => '*/*',
  'user-agent' => 'Mozilla/5.0 (Windows NT 10.0; WOW64) AppleWebKit/537.36 (KHTML, like Gecko) Chrome/85.0.4183.83 Safari/537.36',
  'connection' => 'close',
  'host' => 'yjpz.cc',
)
[ info ] [ PARAM ] array (
  'callback' => 'define',
  'controllername' => 'index',
  'lang' => 'zh-cn',
  'v' => '1608026023',
)
[ info ] [ LANG ] E:\phpstudy_pro\WWW\yjpz\public/../application/admin\lang\zh-cn.php
[ info ] [ BEHAVIOR ] Run app\common\behavior\Common @module_init [ RunTime:0.001400s ]
[ info ] [ SESSION ] INIT array (
  'id' => '',
  'var_session_id' => '',
  'prefix' => 'think',
  'type' => '',
  'auto_start' => true,
)
[ info ] [ BEHAVIOR ] Run \addons\nkeditor\Nkeditor @config_init [ RunTime:0.000149s ]
[ info ] [ LANG ] E:\phpstudy_pro\WWW\yjpz\public/../application/admin/lang/zh-cn/ajax.php
[ info ] [ RUN ] app\admin\controller\Ajax->lang[ E:\phpstudy_pro\WWW\yjpz\application\admin\controller\Ajax.php ]
[ info ] [ LANG ] E:\phpstudy_pro\WWW\yjpz\public/../application/admin/lang/zh-cn/index.php
[ info ] [ BEHAVIOR ] Run app\admin\behavior\AdminLog @app_end [ RunTime:0.000120s ]
[ info ] [ LOG ] INIT File
---------------------------------------------------------------
[ 2020-12-15T17:53:44+08:00 ] 127.0.0.1 GET yjpz.cc/uploads/20201205/09e32e27aea7cf9f0b57b137e8cea144.jpg
[运行时间：0.021288s] [吞吐率：46.98req/s] [内存消耗：2,083.98kb] [文件加载：113]
[ info ] [ BEHAVIOR ] Run Closure @app_init [ RunTime:0.000013s ]
[ info ] [ CACHE ] INIT File
[ info ] [ BEHAVIOR ] Run Closure @app_init [ RunTime:0.001548s ]
[ info ] [ LANG ] E:\phpstudy_pro\WWW\yjpz\thinkphp\lang\zh-cn.php
[ info ] [ BEHAVIOR ] Run app\common\behavior\Common @app_dispatch [ RunTime:0.000198s ]
[ info ] [ ROUTE ] array (
  'type' => 'module',
  'module' => 
  array (
    0 => 'uploads',
    1 => '20201205',
    2 => '09e32e27aea7cf9f0b57b137e8cea144.jpg',
  ),
)
[ info ] [ HEADER ] array (
  'cookie' => 'PHPSESSID=s87c9bjk5u29cn4kmpfpl99it0; think_var=zh-cn',
  'accept-language' => 'zh-CN,zh;q=0.9',
  'accept-encoding' => 'gzip, deflate',
  'accept' => 'image/avif,image/webp,image/apng,image/*,*/*;q=0.8',
  'user-agent' => 'Mozilla/5.0 (Windows NT 10.0; WOW64) AppleWebKit/537.36 (KHTML, like Gecko) Chrome/85.0.4183.83 Safari/537.36',
  'connection' => 'close',
  'host' => 'yjpz.cc',
)
[ info ] [ PARAM ] array (
)
[ info ] [ LOG ] INIT File
