---------------------------------------------------------------
[ 2020-12-21T18:16:00+08:00 ] 127.0.0.1 GET yjpz.cc/api/store/forward
[运行时间：0.080071s] [吞吐率：12.49req/s] [内存消耗：2,134.27kb] [文件加载：120]
[ info ] [ BEHAVIOR ] Run Closure @app_init [ RunTime:0.007276s ]
[ info ] [ CACHE ] INIT File
[ info ] [ BEHAVIOR ] Run Closure @app_init [ RunTime:0.005470s ]
[ info ] [ LANG ] E:\phpstudy_pro\WWW\yjpz\thinkphp\lang\zh-cn.php
[ info ] [ BEHAVIOR ] Run app\common\behavior\Common @app_dispatch [ RunTime:0.000370s ]
[ info ] [ LOG ] INIT File
---------------------------------------------------------------
[ 2020-12-21T18:16:03+08:00 ] 127.0.0.1 POST yjpz.cc/api/store/forward
[运行时间：0.022600s] [吞吐率：44.25req/s] [内存消耗：2,134.60kb] [文件加载：120]
[ info ] [ BEHAVIOR ] Run Closure @app_init [ RunTime:0.000014s ]
[ info ] [ CACHE ] INIT File
[ info ] [ BEHAVIOR ] Run Closure @app_init [ RunTime:0.001508s ]
[ info ] [ LANG ] E:\phpstudy_pro\WWW\yjpz\thinkphp\lang\zh-cn.php
[ info ] [ BEHAVIOR ] Run app\common\behavior\Common @app_dispatch [ RunTime:0.000218s ]
[ info ] [ LOG ] INIT File
---------------------------------------------------------------
[ 2020-12-21T18:18:22+08:00 ] 127.0.0.1 POST yjpz.cc/api/store/forward
[运行时间：0.031687s] [吞吐率：31.56req/s] [内存消耗：2,134.60kb] [文件加载：120]
[ info ] [ BEHAVIOR ] Run Closure @app_init [ RunTime:0.000016s ]
[ info ] [ CACHE ] INIT File
[ info ] [ BEHAVIOR ] Run Closure @app_init [ RunTime:0.002020s ]
[ info ] [ LANG ] E:\phpstudy_pro\WWW\yjpz\thinkphp\lang\zh-cn.php
[ info ] [ BEHAVIOR ] Run app\common\behavior\Common @app_dispatch [ RunTime:0.000331s ]
[ info ] [ LOG ] INIT File
