---------------------------------------------------------------
[ 2020-12-22T15:29:04+08:00 ] 127.0.0.1 POST yjpz.cc/api/store/forward
[运行时间：0.033307s] [吞吐率：30.02req/s] [内存消耗：2,139.48kb] [文件加载：120]
[ info ] [ BEHAVIOR ] Run Closure @app_init [ RunTime:0.000037s ]
[ info ] [ CACHE ] INIT File
[ info ] [ BEHAVIOR ] Run Closure @app_init [ RunTime:0.002023s ]
[ info ] [ LANG ] E:\phpstudy_pro\WWW\yjpz\thinkphp\lang\zh-cn.php
[ info ] [ BEHAVIOR ] Run app\common\behavior\Common @app_dispatch [ RunTime:0.000320s ]
[ info ] [ LOG ] INIT File
---------------------------------------------------------------
[ 2020-12-22T15:29:13+08:00 ] 127.0.0.1 POST yjpz.cc/api/forward
[运行时间：0.995269s] [吞吐率：1.00req/s] [内存消耗：3,893.80kb] [文件加载：143]
[ info ] [ BEHAVIOR ] Run Closure @app_init [ RunTime:0.000012s ]
[ info ] [ CACHE ] INIT File
[ info ] [ BEHAVIOR ] Run Closure @app_init [ RunTime:0.001483s ]
[ info ] [ LANG ] E:\phpstudy_pro\WWW\yjpz\thinkphp\lang\zh-cn.php
[ info ] [ BEHAVIOR ] Run app\common\behavior\Common @app_dispatch [ RunTime:0.000273s ]
[ info ] [ ROUTE ] array (
  'type' => 'module',
  'module' => 
  array (
    0 => 'api',
    1 => 'store',
    2 => 'forward',
  ),
  'convert' => false,
)
[ info ] [ HEADER ] array (
  'content-length' => '0',
  'connection' => 'close',
  'accept-encoding' => 'gzip, deflate, br',
  'host' => 'yjpz.cc',
  'postman-token' => 'e470a4f1-8e33-48dd-9ac9-8d189e0188fc',
  'accept' => '*/*',
  'user-agent' => 'PostmanRuntime/7.26.8',
  'token' => '223dc1c7-0d29-4bb7-af35-6842d6d45523',
)
[ info ] [ PARAM ] array (
)
[ info ] [ LANG ] E:\phpstudy_pro\WWW\yjpz\public/../application/api\lang\zh-cn.php
[ info ] [ BEHAVIOR ] Run app\common\behavior\Common @module_init [ RunTime:0.007729s ]
[ info ] [ TOKEN ] INIT Mysql
[ info ] [ DB ] INIT mysql
[ info ] [ RUN ] app\api\controller\Store->forward[ E:\phpstudy_pro\WWW\yjpz\application\api\controller\Store.php ]
[ info ] [ LOG ] INIT File
---------------------------------------------------------------
[ 2020-12-22T15:30:22+08:00 ] 127.0.0.1 POST yjpz.cc/api/forward?status=1&adId=43091
[运行时间：0.768803s] [吞吐率：1.30req/s] [内存消耗：4,741.88kb] [文件加载：168]
[ info ] [ BEHAVIOR ] Run Closure @app_init [ RunTime:0.000014s ]
[ info ] [ CACHE ] INIT File
[ info ] [ BEHAVIOR ] Run Closure @app_init [ RunTime:0.001456s ]
[ info ] [ LANG ] E:\phpstudy_pro\WWW\yjpz\thinkphp\lang\zh-cn.php
[ info ] [ BEHAVIOR ] Run app\common\behavior\Common @app_dispatch [ RunTime:0.000201s ]
[ info ] [ ROUTE ] array (
  'type' => 'module',
  'module' => 
  array (
    0 => 'api',
    1 => 'store',
    2 => 'forward',
  ),
  'convert' => false,
)
[ info ] [ HEADER ] array (
  'content-length' => '0',
  'connection' => 'close',
  'accept-encoding' => 'gzip, deflate, br',
  'host' => 'yjpz.cc',
  'postman-token' => 'a059f09c-9824-4504-b6bf-eba84d1e98db',
  'accept' => '*/*',
  'user-agent' => 'PostmanRuntime/7.26.8',
  'token' => '223dc1c7-0d29-4bb7-af35-6842d6d45523',
)
[ info ] [ PARAM ] array (
  'status' => '1',
  'adId' => '43091',
)
[ info ] [ LANG ] E:\phpstudy_pro\WWW\yjpz\public/../application/api\lang\zh-cn.php
[ info ] [ BEHAVIOR ] Run app\common\behavior\Common @module_init [ RunTime:0.000870s ]
[ info ] [ TOKEN ] INIT Mysql
[ info ] [ DB ] INIT mysql
[ info ] [ RUN ] app\api\controller\Store->forward[ E:\phpstudy_pro\WWW\yjpz\application\api\controller\Store.php ]
[ info ] [ LOG ] INIT File
---------------------------------------------------------------
[ 2020-12-22T15:30:45+08:00 ] 127.0.0.1 POST yjpz.cc/api/forward?status=1&adId=43091
[运行时间：0.972656s] [吞吐率：1.03req/s] [内存消耗：4,935.30kb] [文件加载：177]
[ info ] [ BEHAVIOR ] Run Closure @app_init [ RunTime:0.000015s ]
[ info ] [ CACHE ] INIT File
[ info ] [ BEHAVIOR ] Run Closure @app_init [ RunTime:0.001477s ]
[ info ] [ LANG ] E:\phpstudy_pro\WWW\yjpz\thinkphp\lang\zh-cn.php
[ info ] [ BEHAVIOR ] Run app\common\behavior\Common @app_dispatch [ RunTime:0.000203s ]
[ info ] [ ROUTE ] array (
  'type' => 'module',
  'module' => 
  array (
    0 => 'api',
    1 => 'store',
    2 => 'forward',
  ),
  'convert' => false,
)
[ info ] [ HEADER ] array (
  'content-length' => '0',
  'connection' => 'close',
  'accept-encoding' => 'gzip, deflate, br',
  'host' => 'yjpz.cc',
  'postman-token' => '6353ebce-ba5f-4e2a-aed3-53952827f222',
  'accept' => '*/*',
  'user-agent' => 'PostmanRuntime/7.26.8',
  'token' => '223dc1c7-0d29-4bb7-af35-6842d6d45523',
)
[ info ] [ PARAM ] array (
  'status' => '1',
  'adId' => '43091',
)
[ info ] [ LANG ] E:\phpstudy_pro\WWW\yjpz\public/../application/api\lang\zh-cn.php
[ info ] [ BEHAVIOR ] Run app\common\behavior\Common @module_init [ RunTime:0.000919s ]
[ info ] [ TOKEN ] INIT Mysql
[ info ] [ DB ] INIT mysql
[ info ] [ RUN ] app\api\controller\Store->forward[ E:\phpstudy_pro\WWW\yjpz\application\api\controller\Store.php ]
[ info ] [ LOG ] INIT File
[ error ] [0]Malformed UTF-8 characters, possibly incorrectly encoded[E:\phpstudy_pro\WWW\yjpz\thinkphp\library\think\response\Json.php:39]
---------------------------------------------------------------
[ 2020-12-22T15:34:23+08:00 ] 127.0.0.1 POST yjpz.cc/api/forward?status=1&adId=43091
[运行时间：1.072103s] [吞吐率：0.93req/s] [内存消耗：4,935.30kb] [文件加载：177]
[ info ] [ BEHAVIOR ] Run Closure @app_init [ RunTime:0.000017s ]
[ info ] [ CACHE ] INIT File
[ info ] [ BEHAVIOR ] Run Closure @app_init [ RunTime:0.002039s ]
[ info ] [ LANG ] E:\phpstudy_pro\WWW\yjpz\thinkphp\lang\zh-cn.php
[ info ] [ BEHAVIOR ] Run app\common\behavior\Common @app_dispatch [ RunTime:0.000314s ]
[ info ] [ ROUTE ] array (
  'type' => 'module',
  'module' => 
  array (
    0 => 'api',
    1 => 'store',
    2 => 'forward',
  ),
  'convert' => false,
)
[ info ] [ HEADER ] array (
  'content-length' => '0',
  'connection' => 'close',
  'accept-encoding' => 'gzip, deflate, br',
  'host' => 'yjpz.cc',
  'postman-token' => '0716f4fa-7987-45d0-8e74-10c39bfac9f0',
  'accept' => '*/*',
  'user-agent' => 'PostmanRuntime/7.26.8',
  'token' => '223dc1c7-0d29-4bb7-af35-6842d6d45523',
)
[ info ] [ PARAM ] array (
  'status' => '1',
  'adId' => '43091',
)
[ info ] [ LANG ] E:\phpstudy_pro\WWW\yjpz\public/../application/api\lang\zh-cn.php
[ info ] [ BEHAVIOR ] Run app\common\behavior\Common @module_init [ RunTime:0.001011s ]
[ info ] [ TOKEN ] INIT Mysql
[ info ] [ DB ] INIT mysql
[ info ] [ RUN ] app\api\controller\Store->forward[ E:\phpstudy_pro\WWW\yjpz\application\api\controller\Store.php ]
[ info ] [ LOG ] INIT File
[ error ] [0]Malformed UTF-8 characters, possibly incorrectly encoded[E:\phpstudy_pro\WWW\yjpz\thinkphp\library\think\response\Json.php:39]
---------------------------------------------------------------
[ 2020-12-22T15:35:51+08:00 ] 127.0.0.1 POST yjpz.cc/api/forward?status=1&adId=43091
[运行时间：1.010631s] [吞吐率：0.99req/s] [内存消耗：4,163.00kb] [文件加载：158]
[ info ] [ BEHAVIOR ] Run Closure @app_init [ RunTime:0.000016s ]
[ info ] [ CACHE ] INIT File
[ info ] [ BEHAVIOR ] Run Closure @app_init [ RunTime:0.001586s ]
[ info ] [ LANG ] E:\phpstudy_pro\WWW\yjpz\thinkphp\lang\zh-cn.php
[ info ] [ BEHAVIOR ] Run app\common\behavior\Common @app_dispatch [ RunTime:0.000231s ]
[ info ] [ ROUTE ] array (
  'type' => 'module',
  'module' => 
  array (
    0 => 'api',
    1 => 'store',
    2 => 'forward',
  ),
  'convert' => false,
)
[ info ] [ HEADER ] array (
  'content-length' => '0',
  'connection' => 'close',
  'accept-encoding' => 'gzip, deflate, br',
  'host' => 'yjpz.cc',
  'postman-token' => '52b0d8df-fa37-4fb6-95c7-3e2d291ad661',
  'accept' => '*/*',
  'user-agent' => 'PostmanRuntime/7.26.8',
  'token' => '223dc1c7-0d29-4bb7-af35-6842d6d45523',
)
[ info ] [ PARAM ] array (
  'status' => '1',
  'adId' => '43091',
)
[ info ] [ LANG ] E:\phpstudy_pro\WWW\yjpz\public/../application/api\lang\zh-cn.php
[ info ] [ BEHAVIOR ] Run app\common\behavior\Common @module_init [ RunTime:0.000908s ]
[ info ] [ TOKEN ] INIT Mysql
[ info ] [ DB ] INIT mysql
[ info ] [ RUN ] app\api\controller\Store->forward[ E:\phpstudy_pro\WWW\yjpz\application\api\controller\Store.php ]
[ info ] [ LOG ] INIT File
---------------------------------------------------------------
[ 2020-12-22T17:52:11+08:00 ] 127.0.0.1 POST yjpz.cc/api/forward?status=1&adId=43091
[运行时间：0.735808s] [吞吐率：1.36req/s] [内存消耗：3,928.24kb] [文件加载：144]
[ info ] [ BEHAVIOR ] Run Closure @app_init [ RunTime:0.000045s ]
[ info ] [ CACHE ] INIT File
[ info ] [ BEHAVIOR ] Run Closure @app_init [ RunTime:0.002103s ]
[ info ] [ LANG ] E:\phpstudy_pro\WWW\yjpz\thinkphp\lang\zh-cn.php
[ info ] [ BEHAVIOR ] Run app\common\behavior\Common @app_dispatch [ RunTime:0.000335s ]
[ info ] [ ROUTE ] array (
  'type' => 'module',
  'module' => 
  array (
    0 => 'api',
    1 => 'store',
    2 => 'forward',
  ),
  'convert' => false,
)
[ info ] [ HEADER ] array (
  'content-length' => '0',
  'connection' => 'close',
  'accept-encoding' => 'gzip, deflate, br',
  'host' => 'yjpz.cc',
  'postman-token' => 'bf1c6297-f7e7-40f5-ae4d-eee5d9f623a9',
  'accept' => '*/*',
  'user-agent' => 'PostmanRuntime/7.26.8',
  'token' => '223dc1c7-0d29-4bb7-af35-6842d6d45523',
)
[ info ] [ PARAM ] array (
  'status' => '1',
  'adId' => '43091',
)
[ info ] [ LANG ] E:\phpstudy_pro\WWW\yjpz\public/../application/api\lang\zh-cn.php
[ info ] [ BEHAVIOR ] Run app\common\behavior\Common @module_init [ RunTime:0.001293s ]
[ info ] [ TOKEN ] INIT Mysql
[ info ] [ DB ] INIT mysql
[ info ] [ RUN ] app\api\controller\Store->forward[ E:\phpstudy_pro\WWW\yjpz\application\api\controller\Store.php ]
[ info ] [ LOG ] INIT File
[ error ] [64]app\common\controller\Api::qrcode(): Failed opening required './application/api/controller/phpqrcode.php' (include_path='.;C:\php\pear')[E:\phpstudy_pro\WWW\yjpz\application\common\controller\Api.php:343]
---------------------------------------------------------------
[ 2020-12-22T17:58:48+08:00 ] 127.0.0.1 POST yjpz.cc/api/forward?status=1&adId=43091
[运行时间：0.979669s] [吞吐率：1.02req/s] [内存消耗：4,431.90kb] [文件加载：144]
[ info ] [ BEHAVIOR ] Run Closure @app_init [ RunTime:0.000020s ]
[ info ] [ CACHE ] INIT File
[ info ] [ BEHAVIOR ] Run Closure @app_init [ RunTime:0.002058s ]
[ info ] [ LANG ] E:\phpstudy_pro\WWW\yjpz\thinkphp\lang\zh-cn.php
[ info ] [ BEHAVIOR ] Run app\common\behavior\Common @app_dispatch [ RunTime:0.000340s ]
[ info ] [ ROUTE ] array (
  'type' => 'module',
  'module' => 
  array (
    0 => 'api',
    1 => 'store',
    2 => 'forward',
  ),
  'convert' => false,
)
[ info ] [ HEADER ] array (
  'content-length' => '0',
  'connection' => 'close',
  'accept-encoding' => 'gzip, deflate, br',
  'host' => 'yjpz.cc',
  'postman-token' => '1c4d527c-8963-49d7-9655-20b5960232f7',
  'accept' => '*/*',
  'user-agent' => 'PostmanRuntime/7.26.8',
  'token' => '223dc1c7-0d29-4bb7-af35-6842d6d45523',
)
[ info ] [ PARAM ] array (
  'status' => '1',
  'adId' => '43091',
)
[ info ] [ LANG ] E:\phpstudy_pro\WWW\yjpz\public/../application/api\lang\zh-cn.php
[ info ] [ BEHAVIOR ] Run app\common\behavior\Common @module_init [ RunTime:0.001482s ]
[ info ] [ TOKEN ] INIT Mysql
[ info ] [ DB ] INIT mysql
[ info ] [ RUN ] app\api\controller\Store->forward[ E:\phpstudy_pro\WWW\yjpz\application\api\controller\Store.php ]
[ info ] [ LOG ] INIT File
